<?xml version="1.0" encoding="UTF-8"?>
<testng-results skipped="0" failed="0" ignored="0" total="1" passed="1">
  <reporter-output>
  </reporter-output>
  <suite name="Default suite" duration-ms="6562" started-at="2018-10-18T10:47:11Z" finished-at="2018-10-18T10:47:18Z">
    <groups>
    </groups>
    <test name="Default test" duration-ms="6562" started-at="2018-10-18T10:47:11Z" finished-at="2018-10-18T10:47:18Z">
      <class name="com.google.launchGoogle">
        <test-method status="PASS" signature="openbrowser()[pri:0, instance:com.google.launchGoogle@4b9e13df]" name="openbrowser" duration-ms="6532" started-at="2018-10-18T16:17:11Z" finished-at="2018-10-18T16:17:18Z">
          <reporter-output>
          </reporter-output>
        </test-method> <!-- openbrowser -->
      </class> <!-- com.google.launchGoogle -->
    </test> <!-- Default test -->
  </suite> <!-- Default suite -->
</testng-results>
